<?xml version="1.0" encoding="UTF-8"?>
<!-- Generated by org.testng.reporters.JUnitXMLReporter -->
<testsuite hostname="Liza" name="Test" tests="2" failures="1" timestamp="27 Jan 2018 22:38:10 GMT" time="0.646" errors="0">
  <testcase name="demoReportFail" time="0.008" classname="com.HelloWorld.t.GenerateExtentReport">
    <failure type="java.lang.AssertionError" message="expected [true] but found [false]">
      <![CDATA[java.lang.AssertionError: expected [true] but found [false]
	at com.HelloWorld.t.GenerateExtentReport.demoReportFail(GenerateExtentReport.java:42)
... Removed 28 stack frames]]>
    </failure>
  </testcase> <!-- demoReportFail -->
  <testcase name="demoReportPass" time="0.0" classname="com.HelloWorld.t.GenerateExtentReport"/>
</testsuite> <!-- Test -->
