<?xml version="1.0" encoding="UTF-8"?>
<testng-results skipped="0" failed="0" total="1" passed="1">
  <reporter-output>
  </reporter-output>
  <suite name="Default suite" duration-ms="7489" started-at="2018-01-28T04:54:27Z" finished-at="2018-01-28T04:54:34Z">
    <groups>
    </groups>
    <test name="Default test" duration-ms="7489" started-at="2018-01-28T04:54:27Z" finished-at="2018-01-28T04:54:34Z">
      <class name="com.HelloWorld.t.App">
        <test-method status="PASS" signature="setupClass()[pri:0, instance:com.HelloWorld.t.App@3ac3fd8b]" name="setupClass" is-config="true" duration-ms="7462" started-at="2018-01-27T23:54:27Z" finished-at="2018-01-27T23:54:34Z">
          <reporter-output>
          </reporter-output>
        </test-method> <!-- setupClass -->
        <test-method status="PASS" signature="test()[pri:0, instance:com.HelloWorld.t.App@3ac3fd8b]" name="test" duration-ms="5" started-at="2018-01-27T23:54:34Z" finished-at="2018-01-27T23:54:34Z">
          <reporter-output>
          </reporter-output>
        </test-method> <!-- test -->
      </class> <!-- com.HelloWorld.t.App -->
    </test> <!-- Default test -->
  </suite> <!-- Default suite -->
</testng-results>
